{
  "RSpec": {
    "coverage": {
      "/Users/joeellingworth/Projects/Makers/group_projects/aceBook-PingPong/app/controllers/photos_controller.rb": [
        1,
        1,
        3,
        null,
        null,
        1,
        1,
        null,
        null,
        1,
        1,
        1,
        null,
        null,
        1,
        null,
        1,
        1,
        null,
        null,
        null
      ],
      "/Users/joeellingworth/Projects/Makers/group_projects/aceBook-PingPong/app/controllers/application_controller.rb": [
        1,
        1,
        1,
        1,
        null,
        1,
        null,
        1,
        53,
        null,
        null,
        null
      ],
      "/Users/joeellingworth/Projects/Makers/group_projects/aceBook-PingPong/spec/controllers/posts_controller_spec.rb": [
        1,
        null,
        1,
        1,
        1,
        1,
        1,
        null,
        null,
        null,
        1,
        1,
        1,
        1,
        null,
        null,
        1,
        1,
        1,
        null,
        null,
        null,
        1,
        1,
        1,
        1,
        null,
        null,
        null
      ],
      "/Users/joeellingworth/Projects/Makers/group_projects/aceBook-PingPong/app/controllers/posts_controller.rb": [
        1,
        null,
        1,
        24,
        null,
        null,
        1,
        7,
        null,
        null,
        1,
        7,
        7,
        null,
        null,
        1,
        3,
        3,
        1,
        1,
        2,
        1,
        1,
        null,
        1,
        null,
        null,
        null,
        1,
        1,
        1,
        null,
        null,
        1,
        2,
        2,
        1,
        null,
        1,
        null,
        2,
        null,
        null,
        1,
        null,
        1,
        8,
        null,
        null
      ],
      "/Users/joeellingworth/Projects/Makers/group_projects/aceBook-PingPong/spec/features/user_can_delete_posts_spec.rb": [
        1,
        1,
        null,
        1,
        1,
        1,
        1,
        1,
        null,
        null,
        null,
        1,
        1,
        1,
        1,
        1,
        1,
        null,
        null,
        null
      ],
      "/Users/joeellingworth/Projects/Makers/group_projects/aceBook-PingPong/spec/features/user_can_sign_up_spec.rb": [
        1,
        null,
        1,
        null,
        1,
        1,
        1,
        null,
        null,
        1,
        1,
        1,
        null,
        null,
        1,
        1,
        1,
        null,
        null,
        1,
        1,
        1,
        null,
        null,
        1,
        1,
        1,
        null,
        null,
        1,
        1,
        1,
        null,
        null,
        null,
        null,
        null
      ],
      "/Users/joeellingworth/Projects/Makers/group_projects/aceBook-PingPong/spec/features/user_can_signin_spec.rb": [
        1,
        null,
        1,
        null,
        1,
        1,
        1,
        null,
        null,
        1,
        1,
        1,
        1,
        1,
        1,
        1,
        null,
        null,
        1,
        1,
        1,
        1,
        1,
        1,
        1,
        null,
        null,
        null
      ],
      "/Users/joeellingworth/Projects/Makers/group_projects/aceBook-PingPong/spec/features/user_can_submit_posts_spec.rb": [
        1,
        null,
        1,
        null,
        1,
        1,
        1,
        1,
        1,
        1,
        null,
        null,
        1,
        1,
        1,
        1,
        1,
        1,
        1,
        1,
        null,
        null,
        null
      ],
      "/Users/joeellingworth/Projects/Makers/group_projects/aceBook-PingPong/spec/features/user_can_update_posts_spec.rb": [
        1,
        null,
        1,
        1,
        1,
        1,
        1,
        1,
        1,
        1,
        1,
        null,
        null,
        1,
        1,
        1,
        1,
        1,
        1,
        null,
        null,
        1,
        1,
        1,
        1,
        1,
        1,
        null,
        null,
        null
      ],
      "/Users/joeellingworth/Projects/Makers/group_projects/aceBook-PingPong/spec/features/user_can_upload_photos_spec.rb": [
        1,
        null,
        1,
        null,
        1,
        1,
        1,
        1,
        null,
        null,
        1,
        1,
        1,
        1,
        1,
        1,
        1,
        1,
        null,
        null
      ],
      "/Users/joeellingworth/Projects/Makers/group_projects/aceBook-PingPong/spec/models/photo_spec.rb": [
        1,
        null,
        1,
        1,
        null
      ],
      "/Users/joeellingworth/Projects/Makers/group_projects/aceBook-PingPong/app/models/photo.rb": [
        1,
        1,
        null
      ],
      "/Users/joeellingworth/Projects/Makers/group_projects/aceBook-PingPong/app/uploaders/image_uploader.rb": [
        1,
        null,
        null,
        null,
        null,
        null,
        1,
        null,
        null,
        null,
        null,
        1,
        2,
        null,
        null,
        null,
        null,
        null,
        null,
        null,
        null,
        null,
        null,
        null,
        null,
        null,
        null,
        null,
        null,
        null,
        null,
        null,
        null,
        null,
        null,
        null,
        null,
        null,
        null,
        null,
        null,
        null,
        null,
        null,
        null,
        null,
        null,
        null
      ],
      "/Users/joeellingworth/Projects/Makers/group_projects/aceBook-PingPong/spec/models/post_spec.rb": [
        1,
        null,
        1,
        null,
        1,
        3,
        null,
        1,
        null,
        1,
        null,
        1,
        1,
        null,
        null,
        1,
        null,
        1,
        null,
        1,
        1,
        null,
        null,
        1,
        1,
        2,
        null,
        null,
        1,
        1,
        null,
        null,
        1,
        1,
        1,
        null,
        null,
        null,
        null,
        null,
        null,
        null
      ],
      "/Users/joeellingworth/Projects/Makers/group_projects/aceBook-PingPong/app/models/post.rb": [
        1,
        null,
        1,
        7,
        null,
        null,
        1,
        4,
        null,
        null
      ],
      "/Users/joeellingworth/Projects/Makers/group_projects/aceBook-PingPong/spec/models/user_spec.rb": [
        1,
        null,
        1,
        1,
        null
      ]
    },
    "timestamp": 1584545071
  }
}
